

Started GET "/dashboard" for 127.0.0.1 at 2014-03-25 11:42:46 -0700

ActiveRecord::PendingMigrationError (Migrations are pending; run 'rake db:migrate RAILS_ENV=development' to resolve this issue.):
  activerecord (4.0.0) lib/active_record/migration.rb:379:in `check_pending!'
  activerecord (4.0.0) lib/active_record/migration.rb:366:in `call'
  actionpack (4.0.0) lib/action_dispatch/middleware/callbacks.rb:29:in `block in call'
  activesupport (4.0.0) lib/active_support/callbacks.rb:373:in `_run__2785540633864143565__call__callbacks'
  activesupport (4.0.0) lib/active_support/callbacks.rb:80:in `run_callbacks'
  actionpack (4.0.0) lib/action_dispatch/middleware/callbacks.rb:27:in `call'
  actionpack (4.0.0) lib/action_dispatch/middleware/reloader.rb:64:in `call'
  actionpack (4.0.0) lib/action_dispatch/middleware/remote_ip.rb:76:in `call'
  actionpack (4.0.0) lib/action_dispatch/middleware/debug_exceptions.rb:17:in `call'
  actionpack (4.0.0) lib/action_dispatch/middleware/show_exceptions.rb:30:in `call'
  railties (4.0.0) lib/rails/rack/logger.rb:38:in `call_app'
  railties (4.0.0) lib/rails/rack/logger.rb:21:in `block in call'
  activesupport (4.0.0) lib/active_support/tagged_logging.rb:67:in `block in tagged'
  activesupport (4.0.0) lib/active_support/tagged_logging.rb:25:in `tagged'
  activesupport (4.0.0) lib/active_support/tagged_logging.rb:67:in `tagged'
  railties (4.0.0) lib/rails/rack/logger.rb:21:in `call'
  actionpack (4.0.0) lib/action_dispatch/middleware/request_id.rb:21:in `call'
  rack (1.5.2) lib/rack/methodoverride.rb:21:in `call'
  rack (1.5.2) lib/rack/runtime.rb:17:in `call'
  activesupport (4.0.0) lib/active_support/cache/strategy/local_cache.rb:83:in `call'
  rack (1.5.2) lib/rack/lock.rb:17:in `call'
  actionpack (4.0.0) lib/action_dispatch/middleware/static.rb:64:in `call'
  railties (4.0.0) lib/rails/engine.rb:511:in `call'
  railties (4.0.0) lib/rails/application.rb:97:in `call'
  rack (1.5.2) lib/rack/lock.rb:17:in `call'
  rack (1.5.2) lib/rack/content_length.rb:14:in `call'
  rack (1.5.2) lib/rack/handler/webrick.rb:60:in `service'
  /Users/jthullbery/.rvm/rubies/ruby-1.9.3-p392/lib/ruby/1.9.1/webrick/httpserver.rb:138:in `service'
  /Users/jthullbery/.rvm/rubies/ruby-1.9.3-p392/lib/ruby/1.9.1/webrick/httpserver.rb:94:in `run'
  /Users/jthullbery/.rvm/rubies/ruby-1.9.3-p392/lib/ruby/1.9.1/webrick/server.rb:191:in `block in start_thread'


  Rendered /Users/jthullbery/.rvm/gems/ruby-1.9.3-p392/gems/actionpack-4.0.0/lib/action_dispatch/middleware/templates/rescues/_source.erb (0.5ms)
  Rendered /Users/jthullbery/.rvm/gems/ruby-1.9.3-p392/gems/actionpack-4.0.0/lib/action_dispatch/middleware/templates/rescues/_trace.erb (0.8ms)
  Rendered /Users/jthullbery/.rvm/gems/ruby-1.9.3-p392/gems/actionpack-4.0.0/lib/action_dispatch/middleware/templates/rescues/_request_and_response.erb (0.7ms)
  Rendered /Users/jthullbery/.rvm/gems/ruby-1.9.3-p392/gems/actionpack-4.0.0/lib/action_dispatch/middleware/templates/rescues/diagnostics.erb within rescues/layout (16.8ms)
  [1m[36m (6.0ms)[0m  [1mCREATE TABLE "schema_migrations" ("version" varchar(255) NOT NULL) [0m
  [1m[35m (4.9ms)[0m  CREATE UNIQUE INDEX "unique_schema_migrations" ON "schema_migrations" ("version")
  [1m[36mActiveRecord::SchemaMigration Load (0.3ms)[0m  [1mSELECT "schema_migrations".* FROM "schema_migrations"[0m
Migrating to CreateDashboards (20140325183946)
  [1m[35m (0.1ms)[0m  begin transaction
  [1m[36m (0.4ms)[0m  [1mCREATE TABLE "dashboards" ("id" INTEGER PRIMARY KEY AUTOINCREMENT NOT NULL, "created_at" datetime, "updated_at" datetime) [0m
  [1m[35mSQL (1.6ms)[0m  INSERT INTO "schema_migrations" ("version") VALUES (?)  [["version", "20140325183946"]]
  [1m[36m (1.1ms)[0m  [1mcommit transaction[0m
  [1m[35mActiveRecord::SchemaMigration Load (0.1ms)[0m  SELECT "schema_migrations".* FROM "schema_migrations"


Started GET "/dashboard" for 127.0.0.1 at 2014-03-25 11:46:28 -0700
  [1m[36mActiveRecord::SchemaMigration Load (0.1ms)[0m  [1mSELECT "schema_migrations".* FROM "schema_migrations"[0m

ActionController::RoutingError (No route matches [GET] "/dashboard"):
  actionpack (4.0.0) lib/action_dispatch/middleware/debug_exceptions.rb:21:in `call'
  actionpack (4.0.0) lib/action_dispatch/middleware/show_exceptions.rb:30:in `call'
  railties (4.0.0) lib/rails/rack/logger.rb:38:in `call_app'
  railties (4.0.0) lib/rails/rack/logger.rb:21:in `block in call'
  activesupport (4.0.0) lib/active_support/tagged_logging.rb:67:in `block in tagged'
  activesupport (4.0.0) lib/active_support/tagged_logging.rb:25:in `tagged'
  activesupport (4.0.0) lib/active_support/tagged_logging.rb:67:in `tagged'
  railties (4.0.0) lib/rails/rack/logger.rb:21:in `call'
  actionpack (4.0.0) lib/action_dispatch/middleware/request_id.rb:21:in `call'
  rack (1.5.2) lib/rack/methodoverride.rb:21:in `call'
  rack (1.5.2) lib/rack/runtime.rb:17:in `call'
  activesupport (4.0.0) lib/active_support/cache/strategy/local_cache.rb:83:in `call'
  rack (1.5.2) lib/rack/lock.rb:17:in `call'
  actionpack (4.0.0) lib/action_dispatch/middleware/static.rb:64:in `call'
  railties (4.0.0) lib/rails/engine.rb:511:in `call'
  railties (4.0.0) lib/rails/application.rb:97:in `call'
  rack (1.5.2) lib/rack/lock.rb:17:in `call'
  rack (1.5.2) lib/rack/content_length.rb:14:in `call'
  rack (1.5.2) lib/rack/handler/webrick.rb:60:in `service'
  /Users/jthullbery/.rvm/rubies/ruby-1.9.3-p392/lib/ruby/1.9.1/webrick/httpserver.rb:138:in `service'
  /Users/jthullbery/.rvm/rubies/ruby-1.9.3-p392/lib/ruby/1.9.1/webrick/httpserver.rb:94:in `run'
  /Users/jthullbery/.rvm/rubies/ruby-1.9.3-p392/lib/ruby/1.9.1/webrick/server.rb:191:in `block in start_thread'


  Rendered /Users/jthullbery/.rvm/gems/ruby-1.9.3-p392/gems/actionpack-4.0.0/lib/action_dispatch/middleware/templates/rescues/_trace.erb (1.0ms)
  Rendered /Users/jthullbery/.rvm/gems/ruby-1.9.3-p392/gems/actionpack-4.0.0/lib/action_dispatch/middleware/templates/routes/_route.html.erb (1.0ms)
  Rendered /Users/jthullbery/.rvm/gems/ruby-1.9.3-p392/gems/actionpack-4.0.0/lib/action_dispatch/middleware/templates/routes/_table.html.erb (8.1ms)
  Rendered /Users/jthullbery/.rvm/gems/ruby-1.9.3-p392/gems/actionpack-4.0.0/lib/action_dispatch/middleware/templates/rescues/routing_error.erb within rescues/layout (31.4ms)


Started GET "/dashboards" for 127.0.0.1 at 2014-03-25 11:46:38 -0700
Processing by DashboardsController#index as HTML
  [1m[35mDashboard Load (0.1ms)[0m  SELECT "dashboards".* FROM "dashboards"
  Rendered dashboards/index.html.erb within layouts/application (1.4ms)
Completed 200 OK in 511ms (Views: 487.6ms | ActiveRecord: 0.1ms)


Started GET "/assets/application.css?body=1" for 127.0.0.1 at 2014-03-25 11:46:39 -0700


Started GET "/assets/scaffolds.css?body=1" for 127.0.0.1 at 2014-03-25 11:46:39 -0700


Started GET "/assets/dashboards.css?body=1" for 127.0.0.1 at 2014-03-25 11:46:39 -0700


Started GET "/assets/turbolinks.js?body=1" for 127.0.0.1 at 2014-03-25 11:46:39 -0700


Started GET "/assets/dashboards.js?body=1" for 127.0.0.1 at 2014-03-25 11:46:39 -0700


Started GET "/assets/application.js?body=1" for 127.0.0.1 at 2014-03-25 11:46:39 -0700


Started GET "/assets/jquery.js?body=1" for 127.0.0.1 at 2014-03-25 11:46:39 -0700


Started GET "/assets/jquery_ujs.js?body=1" for 127.0.0.1 at 2014-03-25 11:46:39 -0700


Started GET "/dashboards/new" for 127.0.0.1 at 2014-03-25 11:47:19 -0700
Processing by DashboardsController#new as HTML
  Rendered dashboards/_form.html.erb (15.1ms)
  Rendered dashboards/new.html.erb within layouts/application (16.7ms)
Completed 200 OK in 7921ms (Views: 21.0ms | ActiveRecord: 0.5ms)


Started GET "/dashboards" for 127.0.0.1 at 2014-03-25 11:47:40 -0700
Processing by DashboardsController#index as HTML
  [1m[36mDashboard Load (0.2ms)[0m  [1mSELECT "dashboards".* FROM "dashboards"[0m
  Rendered dashboards/index.html.erb within layouts/application (0.9ms)
Completed 200 OK in 6ms (Views: 4.0ms | ActiveRecord: 0.2ms)


Started GET "/assets/application.css?body=1" for 127.0.0.1 at 2014-03-25 11:47:40 -0700


Started GET "/assets/turbolinks.js?body=1" for 127.0.0.1 at 2014-03-25 11:47:40 -0700


Started GET "/assets/dashboards.css?body=1" for 127.0.0.1 at 2014-03-25 11:47:40 -0700


Started GET "/assets/jquery.js?body=1" for 127.0.0.1 at 2014-03-25 11:47:40 -0700


Started GET "/assets/jquery_ujs.js?body=1" for 127.0.0.1 at 2014-03-25 11:47:40 -0700


Started GET "/assets/scaffolds.css?body=1" for 127.0.0.1 at 2014-03-25 11:47:40 -0700


Started GET "/assets/dashboards.js?body=1" for 127.0.0.1 at 2014-03-25 11:47:40 -0700


Started GET "/assets/application.js?body=1" for 127.0.0.1 at 2014-03-25 11:47:40 -0700


Started GET "/dashboards/new" for 127.0.0.1 at 2014-03-25 11:47:41 -0700
Processing by DashboardsController#new as HTML
  Rendered dashboards/_form.html.erb (6.8ms)
  Rendered dashboards/new.html.erb within layouts/application (7.7ms)
Completed 200 OK in 4664ms (Views: 11.6ms | ActiveRecord: 0.3ms)


Started GET "/dashboards" for 127.0.0.1 at 2014-03-25 11:48:42 -0700
  [1m[36mActiveRecord::SchemaMigration Load (0.1ms)[0m  [1mSELECT "schema_migrations".* FROM "schema_migrations"[0m
Processing by DashboardsController#index as HTML
  [1m[35mDashboard Load (0.2ms)[0m  SELECT "dashboards".* FROM "dashboards"
  Rendered dashboards/index.html.erb within layouts/application (2.7ms)
Completed 200 OK in 52ms (Views: 30.6ms | ActiveRecord: 0.2ms)


Started GET "/assets/jquery.js?body=1" for 127.0.0.1 at 2014-03-25 11:48:42 -0700


Started GET "/assets/scaffolds.css?body=1" for 127.0.0.1 at 2014-03-25 11:48:42 -0700


Started GET "/assets/dashboards.css?body=1" for 127.0.0.1 at 2014-03-25 11:48:42 -0700


Started GET "/assets/jquery_ujs.js?body=1" for 127.0.0.1 at 2014-03-25 11:48:42 -0700


Started GET "/assets/application.css?body=1" for 127.0.0.1 at 2014-03-25 11:48:43 -0700


Started GET "/assets/turbolinks.js?body=1" for 127.0.0.1 at 2014-03-25 11:48:43 -0700


Started GET "/assets/dashboards.js?body=1" for 127.0.0.1 at 2014-03-25 11:48:43 -0700


Started GET "/assets/application.js?body=1" for 127.0.0.1 at 2014-03-25 11:48:43 -0700
